    Blocking waiting for file lock on build directory
   Compiling bevy_reflect v0.17.2
   Compiling naga v26.0.0
   Compiling read-fonts v0.35.0
   Compiling memmap2 v0.9.8
   Compiling unicode-script v0.5.7
   Compiling yazi v0.2.1
   Compiling objc2-encode v4.1.0
   Compiling ttf-parser v0.20.0
   Compiling unicode-ccc v0.2.0
   Compiling unicode-bidi-mirroring v0.2.0
   Compiling ttf-parser v0.21.1
   Compiling unicode-properties v0.1.3
   Compiling zeno v0.3.3
   Compiling objc2 v0.5.2
   Compiling bindgen v0.72.1
   Compiling mach2 v0.4.3
   Compiling unicode-linebreak v0.1.5
   Compiling accesskit v0.21.1
   Compiling fontdb v0.16.2
   Compiling unicode-bidi v0.3.18
   Compiling rustybuzz v0.14.1
   Compiling unicode-segmentation v1.12.0
   Compiling self_cell v1.2.0
   Compiling sys-locale v0.3.2
   Compiling rangemap v1.6.0
   Compiling block2 v0.5.1
   Compiling byteorder v1.5.0
   Compiling core-foundation v0.9.4
   Compiling objc2-foundation v0.2.2
   Compiling ryu v1.0.20
   Compiling itoa v1.0.15
   Compiling core-graphics-types v0.1.3
   Compiling core-graphics v0.23.2
   Compiling serde_json v1.0.145
   Compiling gltf-derive v1.4.1
   Compiling io-kit-sys v0.4.1
   Compiling ogg v0.8.0
   Compiling accesskit_consumer v0.30.1
   Compiling cursor-icon v1.2.0
   Compiling grid v0.15.0
   Compiling dpi v0.1.2
   Compiling dasp_sample v0.11.0
   Compiling vec_map v0.8.2
   Compiling bevy_ecs v0.17.2
   Compiling bevy_math v0.17.2
   Compiling skrifa v0.37.0
   Compiling coreaudio-sys v0.2.17
   Compiling wgpu-hal v26.0.4
   Compiling wgpu-core-deps-apple v26.0.0
   Compiling wgpu-core v26.0.1
   Compiling naga_oil v0.19.1
   Compiling swash v0.2.6
   Compiling bevy_color v0.17.2
   Compiling objc2-app-kit v0.2.2
   Compiling coreaudio-rs v0.11.3
   Compiling cosmic-text v0.14.2
   Compiling cpal v0.15.3
   Compiling gilrs-core v0.6.6
   Compiling wgpu v26.0.1
   Compiling taffy v0.7.7
   Compiling bevy_app v0.17.2
   Compiling accesskit_macos v0.22.1
   Compiling bevy_asset v0.17.2
   Compiling bevy_log v0.17.2
   Compiling bevy_input v0.17.2
   Compiling bevy_time v0.17.2
   Compiling bevy_transform v0.17.2
   Compiling bevy_a11y v0.17.2
   Compiling bevy_diagnostic v0.17.2
   Compiling winit v0.30.12
   Compiling lewton v0.10.2
   Compiling gltf-json v1.4.1
   Compiling bevy_animation_macros v0.17.2
   Compiling fnv v1.0.7
   Compiling gilrs v0.11.0
   Compiling accesskit_winit v0.29.1
   Compiling rodio v0.20.1
   Compiling zerocopy v0.8.27
   Compiling bevy_image v0.17.2
   Compiling bevy_shader v0.17.2
   Compiling approx v0.5.1
   Compiling bevy_state_macros v0.17.2
   Compiling bevy_gizmos_macros v0.17.2
   Compiling getrandom v0.2.16
   Compiling percent-encoding v2.3.2
   Compiling gltf v1.4.1
   Compiling rand_core v0.6.4
   Compiling bevy_state v0.17.2
   Compiling bevy_audio v0.17.2
   Compiling bevy_mesh v0.17.2
   Compiling bevy_window v0.17.2
   Compiling bevy_text v0.17.2
   Compiling ppv-lite86 v0.2.21
   Compiling bevy_gilrs v0.17.2
   Compiling bevy_camera v0.17.2
   Compiling bevy_animation v0.17.2
   Compiling tap v1.0.1
   Compiling rawpointer v0.2.1
   Compiling matrixmultiply v0.3.10
   Compiling wyz v0.5.1
   Compiling rand_chacha v0.3.1
   Compiling radium v0.7.0
   Compiling num-complex v0.4.6
   Compiling bevy_render v0.17.2
   Compiling bevy_picking v0.17.2
   Compiling bevy_light v0.17.2
   Compiling bevy_scene v0.17.2
   Compiling num-integer v0.1.46
   Compiling thiserror-impl v1.0.69
   Compiling bevy_sprite v0.17.2
   Compiling bevy_input_focus v0.17.2
   Compiling bevy_ui v0.17.2
   Compiling bevy_winit v0.17.2
   Compiling funty v2.0.0
   Compiling bitvec v1.0.1
   Compiling thiserror v1.0.69
   Compiling ndarray v0.15.6
   Compiling rand v0.8.5
   Compiling bevy_core_pipeline v0.17.2
   Compiling bevy_pbr v0.17.2
   Compiling bevy_sprite_render v0.17.2
   Compiling bevy_anti_alias v0.17.2
   Compiling bevy_post_process v0.17.2
   Compiling bevy_ui_render v0.17.2
   Compiling bevy_gizmos v0.17.2
   Compiling bevy_gltf v0.17.2
   Compiling bevy_internal v0.17.2
   Compiling bevy v0.17.2
   Compiling procedural_tilemaps_core v0.1.3
